#
# A fatal error has been detected by the Java Runtime Environment:
#
#  SIGSEGV (0xb) at pc=0x00007f57d847533a, pid=7052, tid=0x00007f5806fe3700
#
# JRE version: Java(TM) SE Runtime Environment (8.0_201-b09) (build 1.8.0_201-b09)
# Java VM: Java HotSpot(TM) 64-Bit Server VM (25.201-b09 mixed mode linux-amd64 compressed oops)
# Problematic frame:
# C  [libtesseract.so.3.0.3+0x22533a]  ERRCODE::error(char const*, TessErrorLogCode, char const*, ...) const+0x16a
#
# Failed to write core dump. Core dumps have been disabled. To enable core dumping, try "ulimit -c unlimited" before starting Java again
#
# If you would like to submit a bug report, please visit:
#   http://bugreport.java.com/bugreport/crash.jsp
# The crash happened outside the Java Virtual Machine in native code.
# See problematic frame for where to report the bug.
#

---------------  T H R E A D  ---------------

Current thread (0x00007f580000c000):  JavaThread "main" [_thread_in_native, id=7059, stack(0x00007f5806ee3000,0x00007f5806fe4000)]

siginfo: si_signo: 11 (SIGSEGV), si_code: 1 (SEGV_MAPERR), si_addr: 0x0000000000000000

Registers:
RAX=0x000000000000004e, RBX=0x00007f5806fe0980, RCX=0x00007f58064d13dd, RDX=0x00007f58067a69d0
RSP=0x00007f5806fe0960, RBP=0x0000000000000002, RSI=0x000000000000004e, RDI=0x00007f5806fde130
R8 =0x00007f5806fe3700, R9 =0x61646120656c6966, R10=0x00007f58067a2be0, R11=0x0000000000000000
R12=0x00007f5806fe09ad, R13=0x00007f57d847e177, R14=0x00007f57d872b4a0, R15=0x00007f57d84947ff
RIP=0x00007f57d847533a, EFLAGS=0x0000000000010246, CSGSFS=0x0000000000000033, ERR=0x0000000000000004
  TRAPNO=0x000000000000000e

Top of Stack: (sp=0x00007f5806fe0960)
0x00007f5806fe0960:   0000000000000000 0000003000000030
0x00007f5806fe0970:   00007f5806fe0e70 00007f5806fe0d90
0x00007f5806fe0980:   5464657470616441 736574616c706d65
0x00007f5806fe0990:   4c4c554e203d2120 413a726f7272453a
0x00007f5806fe09a0:   6166207472657373 206e693a64656c69
0x00007f5806fe09b0:   61646120656c6966 2e686374616d7470
0x00007f5806fe09c0:   6e696c202c707063 00000a3437312065
0x00007f5806fe09d0:   0000000000000000 0000000000000000
0x00007f5806fe09e0:   0000000000000000 0000000000000000
0x00007f5806fe09f0:   0000000000000000 0000000000000000
0x00007f5806fe0a00:   0000000000000000 0000000000000000
0x00007f5806fe0a10:   0000000000000000 0000000000000000
0x00007f5806fe0a20:   0000000000000000 0000000000000000
0x00007f5806fe0a30:   0000000000000000 0000000000000000
0x00007f5806fe0a40:   0000000000000000 00007f5800000000
0x00007f5806fe0a50:   0000000000000000 0000000000000000
0x00007f5806fe0a60:   0000000000000000 0000000000000000
0x00007f5806fe0a70:   0000000000000000 00007f5800000000
0x00007f5806fe0a80:   0000000000000000 0000000000000000
0x00007f5806fe0a90:   0000000000000000 0000000000000000
0x00007f5806fe0aa0:   0000000000000000 00007f5700000000
0x00007f5806fe0ab0:   0000000000000000 0000000000000000
0x00007f5806fe0ac0:   0000000000000000 0000000000000000
0x00007f5806fe0ad0:   0000000000000000 00007f5700000000
0x00007f5806fe0ae0:   0000000000000000 0000000000000000
0x00007f5806fe0af0:   0000000000000000 0000000000000000
0x00007f5806fe0b00:   0000000000000000 00007f5800000000
0x00007f5806fe0b10:   0000000000000000 0000000000000000
0x00007f5806fe0b20:   0000000000000000 0000000000000000
0x00007f5806fe0b30:   0000000000000000 0000000000000000
0x00007f5806fe0b40:   0000000000000000 0000000000000000
0x00007f5806fe0b50:   0000000000000000 0000000000000000 

Instructions: (pc=0x00007f57d847533a)
0x00007f57d847531a:   48 89 d9 be 01 00 00 00 48 8b 38 31 c0 e8 14 60
0x00007f57d847532a:   e5 ff 83 fd ff 7c 14 85 ed 7e 2c 83 fd 02 7f 0b
0x00007f57d847533a:   8b 04 25 00 00 00 00 85 c0 74 52 48 8d 35 14 8d
0x00007f57d847534a:   01 00 48 8d 3d f5 81 4f 00 31 c9 ba 02 00 00 00 

Register to memory mapping:

RAX=0x000000000000004e is an unknown value
RBX=0x00007f5806fe0980 is pointing into the stack for thread: 0x00007f580000c000
RCX=0x00007f58064d13dd: __write+0x2d in /lib/x86_64-linux-gnu/libc.so.6 at 0x00007f58063e2000
RDX=0x00007f58067a69d0: <offset 0x3c49d0> in /lib/x86_64-linux-gnu/libc.so.6 at 0x00007f58063e2000
RSP=0x00007f5806fe0960 is pointing into the stack for thread: 0x00007f580000c000
RBP=0x0000000000000002 is an unknown value
RSI=0x000000000000004e is an unknown value
RDI=0x00007f5806fde130 is pointing into the stack for thread: 0x00007f580000c000
R8 =0x00007f5806fe3700 is pointing into the stack for thread: 0x00007f580000c000
R9 =0x61646120656c6966 is an unknown value
R10=0x00007f58067a2be0: <offset 0x3c0be0> in /lib/x86_64-linux-gnu/libc.so.6 at 0x00007f58063e2000
R11=0x0000000000000000 is an unknown value
R12=0x00007f5806fe09ad is pointing into the stack for thread: 0x00007f580000c000
R13=0x00007f57d847e177: <offset 0x22e177> in /usr/lib/libtesseract.so.3.0.3 at 0x00007f57d8250000
R14=0x00007f57d872b4a0: <offset 0x4db4a0> in /usr/lib/libtesseract.so.3.0.3 at 0x00007f57d8250000
R15=0x00007f57d84947ff: <offset 0x2447ff> in /usr/lib/libtesseract.so.3.0.3 at 0x00007f57d8250000


Stack: [0x00007f5806ee3000,0x00007f5806fe4000],  sp=0x00007f5806fe0960,  free space=1014k
Native frames: (J=compiled Java code, j=interpreted, Vv=VM code, C=native code)
C  [libtesseract.so.3.0.3+0x22533a]  ERRCODE::error(char const*, TessErrorLogCode, char const*, ...) const+0x16a

Java frames: (J=compiled Java code, j=interpreted, Vv=VM code)
j  com.sun.jna.Native.invokePointer(Lcom/sun/jna/Function;JI[Ljava/lang/Object;)J+0
j  com.sun.jna.Function.invokePointer(I[Ljava/lang/Object;)Lcom/sun/jna/Pointer;+7
j  com.sun.jna.Function.invoke([Ljava/lang/Object;Ljava/lang/Class;ZI)Ljava/lang/Object;+385
j  com.sun.jna.Function.invoke(Ljava/lang/reflect/Method;[Ljava/lang/Class;Ljava/lang/Class;[Ljava/lang/Object;Ljava/util/Map;)Ljava/lang/Object;+271
j  com.sun.jna.Library$Handler.invoke(Ljava/lang/Object;Ljava/lang/reflect/Method;[Ljava/lang/Object;)Ljava/lang/Object;+344
j  com.sun.proxy.$Proxy0.TessBaseAPIGetUTF8Text(Lnet/sourceforge/tess4j/ITessAPI$TessBaseAPI;)Lcom/sun/jna/Pointer;+16
j  net.sourceforge.tess4j.Tesseract.getOCRText(Ljava/lang/String;I)Ljava/lang/String;+62
j  net.sourceforge.tess4j.Tesseract.doOCR(Ljava/util/List;Ljava/lang/String;Ljava/awt/Rectangle;)Ljava/lang/String;+69
j  net.sourceforge.tess4j.Tesseract.doOCR(Ljava/util/List;Ljava/awt/Rectangle;)Ljava/lang/String;+4
j  net.sourceforge.tess4j.Tesseract.doOCR(Ljava/awt/image/BufferedImage;Ljava/awt/Rectangle;)Ljava/lang/String;+6
j  net.sourceforge.tess4j.Tesseract.doOCR(Ljava/awt/image/BufferedImage;)Ljava/lang/String;+3
j  com.OCR.Read.ReadImages.resultImage(Ljava/awt/image/BufferedImage;)V+62
j  com.OCR.Read.ReadImages.processImageScalr(Ljava/awt/image/BufferedImage;Ljava/io/File;)V+160
j  com.OCR.Read.ReadImages.main([Ljava/lang/String;)V+330
v  ~StubRoutines::call_stub

---------------  P R O C E S S  ---------------

Java Threads: ( => current thread )
  0x00007f58001f1800 JavaThread "process reaper" daemon [_thread_blocked, id=7096, stack(0x00007f57ec073000,0x00007f57ec0ac000)]
  0x00007f5800364000 JavaThread "Java2D Disposer" daemon [_thread_blocked, id=7073, stack(0x00007f57d97c0000,0x00007f57d98c1000)]
  0x00007f58000c3800 JavaThread "Service Thread" daemon [_thread_blocked, id=7071, stack(0x00007f57ecedf000,0x00007f57ecfe0000)]
  0x00007f58000c0800 JavaThread "C1 CompilerThread2" daemon [_thread_blocked, id=7070, stack(0x00007f57ecfe0000,0x00007f57ed0e1000)]
  0x00007f58000be800 JavaThread "C2 CompilerThread1" daemon [_thread_blocked, id=7069, stack(0x00007f57ed0e1000,0x00007f57ed1e2000)]
  0x00007f58000bb800 JavaThread "C2 CompilerThread0" daemon [_thread_blocked, id=7068, stack(0x00007f57ed1e2000,0x00007f57ed2e3000)]
  0x00007f58000ba000 JavaThread "Signal Dispatcher" daemon [_thread_blocked, id=7067, stack(0x00007f57ed2e3000,0x00007f57ed3e4000)]
  0x00007f5800086800 JavaThread "Finalizer" daemon [_thread_blocked, id=7066, stack(0x00007f57edbb4000,0x00007f57edcb5000)]
  0x00007f5800084000 JavaThread "Reference Handler" daemon [_thread_blocked, id=7065, stack(0x00007f57edcb5000,0x00007f57eddb6000)]
=>0x00007f580000c000 JavaThread "main" [_thread_in_native, id=7059, stack(0x00007f5806ee3000,0x00007f5806fe4000)]

Other Threads:
  0x00007f580007a000 VMThread [stack: 0x00007f57eddb6000,0x00007f57edeb7000] [id=7064]
  0x00007f58000c6000 WatcherThread [stack: 0x00007f57ecdde000,0x00007f57ecedf000] [id=7072]

VM state:not at safepoint (normal execution)

VM Mutex/Monitor currently owned by a thread: None

heap address: 0x0000000706000000, size: 2976 MB, Compressed Oops mode: Zero based, Oop shift amount: 3
Narrow klass base: 0x0000000000000000, Narrow klass shift: 3
Compressed class space size: 1073741824 Address: 0x00000007c0000000

Heap:
 PSYoungGen      total 103424K, used 10723K [0x0000000782000000, 0x0000000788e80000, 0x00000007c0000000)
  eden space 102912K, 10% used [0x0000000782000000,0x0000000782a67f10,0x0000000788480000)
  from space 512K, 13% used [0x0000000788800000,0x0000000788810d28,0x0000000788880000)
  to   space 5120K, 0% used [0x0000000788980000,0x0000000788980000,0x0000000788e80000)
 ParOldGen       total 1833984K, used 1710110K [0x0000000706000000, 0x0000000775f00000, 0x0000000782000000)
  object space 1833984K, 93% used [0x0000000706000000,0x000000076e607ba0,0x0000000775f00000)
 Metaspace       used 9462K, capacity 9630K, committed 9856K, reserved 1058816K
  class space    used 1041K, capacity 1125K, committed 1152K, reserved 1048576K

Card table byte_map: [0x00007f57f066f000,0x00007f57f0c40000] byte_map_base: 0x00007f57ece3f000

Marking Bits: (ParMarkBitMap*) 0x00007f58063c4d80
 Begin Bits: [0x00007f57da300000, 0x00007f57dd180000)
 End Bits:   [0x00007f57dd180000, 0x00007f57e0000000)

Polling page: 0x00007f5807006000

CodeCache: size=245760Kb used=3185Kb max_used=3197Kb free=242574Kb
 bounds [0x00007f57f1000000, 0x00007f57f1330000, 0x00007f5800000000]
 total_blobs=1212 nmethods=747 adapters=379
 compilation: enabled

Compilation events (10 events):
Event: 26.158 Thread 0x00007f58000c0800  741       3       java.util.WeakHashMap$Entry::<init> (24 bytes)
Event: 26.158 Thread 0x00007f58000c0800 nmethod 741 0x00007f57f1313990 code [0x00007f57f1313b00, 0x00007f57f1313e50]
Event: 26.158 Thread 0x00007f58000c0800  742       1       java.lang.reflect.Method::getModifiers (5 bytes)
Event: 26.158 Thread 0x00007f58000c0800 nmethod 742 0x00007f57f1310790 code [0x00007f57f13108e0, 0x00007f57f13109f0]
Event: 26.159 Thread 0x00007f58000c0800  744       3       java.io.File::<init> (113 bytes)
Event: 26.159 Thread 0x00007f58000c0800 nmethod 744 0x00007f57f13182d0 code [0x00007f57f1318520, 0x00007f57f1319018]
Event: 26.339 Thread 0x00007f58000c0800  745       3       sun.awt.image.ByteInterleavedRaster::getByteData (851 bytes)
Event: 26.340 Thread 0x00007f58000c0800 nmethod 745 0x00007f57f1319510 code [0x00007f57f1319800, 0x00007f57f131b028]
Event: 26.341 Thread 0x00007f58000bb800  746       4       sun.awt.image.ByteInterleavedRaster::getByteData (851 bytes)
Event: 26.349 Thread 0x00007f58000bb800 nmethod 746 0x00007f57f131fb90 code [0x00007f57f131fd20, 0x00007f57f1320638]

GC Heap History (10 events):
Event: 23.738 GC heap before
{Heap before GC invocations=13 (full 0):
 PSYoungGen      total 47104K, used 41539K [0x0000000782000000, 0x0000000785480000, 0x00000007c0000000)
  eden space 41472K, 100% used [0x0000000782000000,0x0000000784880000,0x0000000784880000)
  from space 5632K, 1% used [0x0000000784f00000,0x0000000784f10d28,0x0000000785480000)
  to   space 6144K, 0% used [0x0000000784880000,0x0000000784880000,0x0000000784e80000)
 ParOldGen       total 984064K, used 860726K [0x0000000706000000, 0x0000000742100000, 0x0000000782000000)
  object space 984064K, 87% used [0x0000000706000000,0x000000073a88da00,0x0000000742100000)
 Metaspace       used 8230K, capacity 8404K, committed 8704K, reserved 1056768K
  class space    used 894K, capacity 954K, committed 1024K, reserved 1048576K
Event: 23.743 GC heap after
Heap after GC invocations=13 (full 0):
 PSYoungGen      total 47616K, used 67K [0x0000000782000000, 0x0000000786c00000, 0x00000007c0000000)
  eden space 41472K, 0% used [0x0000000782000000,0x0000000782000000,0x0000000784880000)
  from space 6144K, 1% used [0x0000000784880000,0x0000000784890d28,0x0000000784e80000)
  to   space 5632K, 0% used [0x0000000786680000,0x0000000786680000,0x0000000786c00000)
 ParOldGen       total 984064K, used 860726K [0x0000000706000000, 0x0000000742100000, 0x0000000782000000)
  object space 984064K, 87% used [0x0000000706000000,0x000000073a88da00,0x0000000742100000)
 Metaspace       used 8230K, capacity 8404K, committed 8704K, reserved 1056768K
  class space    used 894K, capacity 954K, committed 1024K, reserved 1048576K
}
Event: 24.079 GC heap before
{Heap before GC invocations=14 (full 0):
 PSYoungGen      total 47616K, used 41539K [0x0000000782000000, 0x0000000786c00000, 0x00000007c0000000)
  eden space 41472K, 100% used [0x0000000782000000,0x0000000784880000,0x0000000784880000)
  from space 6144K, 1% used [0x0000000784880000,0x0000000784890d28,0x0000000784e80000)
  to   space 5632K, 0% used [0x0000000786680000,0x0000000786680000,0x0000000786c00000)
 ParOldGen       total 984064K, used 860726K [0x0000000706000000, 0x0000000742100000, 0x0000000782000000)
  object space 984064K, 87% used [0x0000000706000000,0x000000073a88da00,0x0000000742100000)
 Metaspace       used 8230K, capacity 8404K, committed 8704K, reserved 1056768K
  class space    used 894K, capacity 954K, committed 1024K, reserved 1048576K
Event: 24.085 GC heap after
Heap after GC invocations=14 (full 0):
 PSYoungGen      total 72192K, used 67K [0x0000000782000000, 0x0000000786c00000, 0x00000007c0000000)
  eden space 66560K, 0% used [0x0000000782000000,0x0000000782000000,0x0000000786100000)
  from space 5632K, 1% used [0x0000000786680000,0x0000000786690d28,0x0000000786c00000)
  to   space 5632K, 0% used [0x0000000786100000,0x0000000786100000,0x0000000786680000)
 ParOldGen       total 984064K, used 860726K [0x0000000706000000, 0x0000000742100000, 0x0000000782000000)
  object space 984064K, 87% used [0x0000000706000000,0x000000073a88da00,0x0000000742100000)
 Metaspace       used 8230K, capacity 8404K, committed 8704K, reserved 1056768K
  class space    used 894K, capacity 954K, committed 1024K, reserved 1048576K
}
Event: 24.674 GC heap before
{Heap before GC invocations=15 (full 0):
 PSYoungGen      total 72192K, used 66627K [0x0000000782000000, 0x0000000786c00000, 0x00000007c0000000)
  eden space 66560K, 100% used [0x0000000782000000,0x0000000786100000,0x0000000786100000)
  from space 5632K, 1% used [0x0000000786680000,0x0000000786690d28,0x0000000786c00000)
  to   space 5632K, 0% used [0x0000000786100000,0x0000000786100000,0x0000000786680000)
 ParOldGen       total 984064K, used 860726K [0x0000000706000000, 0x0000000742100000, 0x0000000782000000)
  object space 984064K, 87% used [0x0000000706000000,0x000000073a88da00,0x0000000742100000)
 Metaspace       used 8230K, capacity 8404K, committed 8704K, reserved 1056768K
  class space    used 894K, capacity 954K, committed 1024K, reserved 1048576K
Event: 24.680 GC heap after
Heap after GC invocations=15 (full 0):
 PSYoungGen      total 72192K, used 67K [0x0000000782000000, 0x0000000789300000, 0x00000007c0000000)
  eden space 66560K, 0% used [0x0000000782000000,0x0000000782000000,0x0000000786100000)
  from space 5632K, 1% used [0x0000000786100000,0x0000000786110d28,0x0000000786680000)
  to   space 5632K, 0% used [0x0000000788d80000,0x0000000788d80000,0x0000000789300000)
 ParOldGen       total 984064K, used 860726K [0x0000000706000000, 0x0000000742100000, 0x0000000782000000)
  object space 984064K, 87% used [0x0000000706000000,0x000000073a88da00,0x0000000742100000)
 Metaspace       used 8230K, capacity 8404K, committed 8704K, reserved 1056768K
  class space    used 894K, capacity 954K, committed 1024K, reserved 1048576K
}
Event: 25.181 GC heap before
{Heap before GC invocations=16 (full 0):
 PSYoungGen      total 72192K, used 66627K [0x0000000782000000, 0x0000000789300000, 0x00000007c0000000)
  eden space 66560K, 100% used [0x0000000782000000,0x0000000786100000,0x0000000786100000)
  from space 5632K, 1% used [0x0000000786100000,0x0000000786110d28,0x0000000786680000)
  to   space 5632K, 0% used [0x0000000788d80000,0x0000000788d80000,0x0000000789300000)
 ParOldGen       total 984064K, used 860726K [0x0000000706000000, 0x0000000742100000, 0x0000000782000000)
  object space 984064K, 87% used [0x0000000706000000,0x000000073a88da00,0x0000000742100000)
 Metaspace       used 8230K, capacity 8404K, committed 8704K, reserved 1056768K
  class space    used 894K, capacity 954K, committed 1024K, reserved 1048576K
Event: 25.186 GC heap after
Heap after GC invocations=16 (full 0):
 PSYoungGen      total 112128K, used 67K [0x0000000782000000, 0x0000000789300000, 0x00000007c0000000)
  eden space 106496K, 0% used [0x0000000782000000,0x0000000782000000,0x0000000788800000)
  from space 5632K, 1% used [0x0000000788d80000,0x0000000788d90d28,0x0000000789300000)
  to   space 5632K, 0% used [0x0000000788800000,0x0000000788800000,0x0000000788d80000)
 ParOldGen       total 984064K, used 860726K [0x0000000706000000, 0x0000000742100000, 0x0000000782000000)
  object space 984064K, 87% used [0x0000000706000000,0x000000073a88da00,0x0000000742100000)
 Metaspace       used 8230K, capacity 8404K, committed 8704K, reserved 1056768K
  class space    used 894K, capacity 954K, committed 1024K, reserved 1048576K
}
Event: 25.995 GC heap before
{Heap before GC invocations=17 (full 0):
 PSYoungGen      total 112128K, used 106563K [0x0000000782000000, 0x0000000789300000, 0x00000007c0000000)
  eden space 106496K, 100% used [0x0000000782000000,0x0000000788800000,0x0000000788800000)
  from space 5632K, 1% used [0x0000000788d80000,0x0000000788d90d28,0x0000000789300000)
  to   space 5632K, 0% used [0x0000000788800000,0x0000000788800000,0x0000000788d80000)
 ParOldGen       total 984064K, used 860726K [0x0000000706000000, 0x0000000742100000, 0x0000000782000000)
  object space 984064K, 87% used [0x0000000706000000,0x000000073a88da00,0x0000000742100000)
 Metaspace       used 8230K, capacity 8404K, committed 8704K, reserved 1056768K
  class space    used 894K, capacity 954K, committed 1024K, reserved 1048576K
Event: 26.000 GC heap after
Heap after GC invocations=17 (full 0):
 PSYoungGen      total 103424K, used 67K [0x0000000782000000, 0x0000000788e80000, 0x00000007c0000000)
  eden space 102912K, 0% used [0x0000000782000000,0x0000000782000000,0x0000000788480000)
  from space 512K, 13% used [0x0000000788800000,0x0000000788810d28,0x0000000788880000)
  to   space 5120K, 0% used [0x0000000788980000,0x0000000788980000,0x0000000788e80000)
 ParOldGen       total 984064K, used 860726K [0x0000000706000000, 0x0000000742100000, 0x0000000782000000)
  object space 984064K, 87% used [0x0000000706000000,0x000000073a88da00,0x0000000742100000)
 Metaspace       used 8230K, capacity 8404K, committed 8704K, reserved 1056768K
  class space    used 894K, capacity 954K, committed 1024K, reserved 1048576K
}

Deoptimization events (5 events):
Event: 9.200 Thread 0x00007f580000c000 Uncommon trap: reason=unstable_if action=reinterpret pc=0x00007f57f11a0f98 method=java.lang.String.indexOf([CII[CIII)I @ 3
Event: 9.281 Thread 0x00007f580000c000 Uncommon trap: reason=unstable_if action=reinterpret pc=0x00007f57f119e1c0 method=java.lang.String.replace(CC)Ljava/lang/String; @ 26
Event: 26.037 Thread 0x00007f580000c000 Uncommon trap: reason=null_assert action=make_not_entrant pc=0x00007f57f1239f80 method=java.util.zip.ZipEntry.<init>(Ljava/util/zip/ZipEntry;)V @ 70
Event: 26.338 Thread 0x00007f580000c000 Uncommon trap: reason=unstable_if action=reinterpret pc=0x00007f57f1282260 method=sun.awt.image.ByteComponentRaster.verify()V @ 269
Event: 26.338 Thread 0x00007f580000c000 Uncommon trap: reason=unstable_if action=reinterpret pc=0x00007f57f1237950 method=sun.awt.image.ByteInterleavedRaster.getByteData(IIII[B)[B @ 49

Classes redefined (0 events):
No events

Internal exceptions (10 events):
Event: 0.118 Thread 0x00007f580000c000 Exception <a 'java/security/PrivilegedActionException'> (0x00000007820b1c28) thrown at [/HUDSON/workspace/8-2-build-linux-amd64/jdk8u201/12317/hotspot/src/share/vm/prims/jvm.cpp, line 1502]
Event: 0.118 Thread 0x00007f580000c000 Exception <a 'java/security/PrivilegedActionException'> (0x00000007820b4278) thrown at [/HUDSON/workspace/8-2-build-linux-amd64/jdk8u201/12317/hotspot/src/share/vm/prims/jvm.cpp, line 1502]
Event: 0.118 Thread 0x00007f580000c000 Exception <a 'java/security/PrivilegedActionException'> (0x00000007820b4670) thrown at [/HUDSON/workspace/8-2-build-linux-amd64/jdk8u201/12317/hotspot/src/share/vm/prims/jvm.cpp, line 1502]
Event: 0.173 Thread 0x00007f580000c000 Exception <a 'java/lang/NoSuchFieldError': method resolution failed> (0x00000007822d00c8) thrown at [/HUDSON/workspace/8-2-build-linux-amd64/jdk8u201/12317/hotspot/src/share/vm/prims/methodHandles.cpp, line 1167]
Event: 0.175 Thread 0x00007f580000c000 Exception <a 'java/lang/NoSuchFieldError': method resolution failed> (0x00000007822ddb58) thrown at [/HUDSON/workspace/8-2-build-linux-amd64/jdk8u201/12317/hotspot/src/share/vm/prims/methodHandles.cpp, line 1167]
Event: 0.202 Thread 0x00007f580000c000 Exception <a 'java/io/FileNotFoundException'> (0x000000078235cf80) thrown at [/HUDSON/workspace/8-2-build-linux-amd64/jdk8u201/12317/hotspot/src/share/vm/prims/jni.cpp, line 709]
Event: 0.202 Thread 0x00007f580000c000 Exception <a 'java/io/FileNotFoundException'> (0x000000078235d968) thrown at [/HUDSON/workspace/8-2-build-linux-amd64/jdk8u201/12317/hotspot/src/share/vm/prims/jni.cpp, line 709]
Event: 9.245 Thread 0x00007f580000c000 Exception <a 'java/io/FileNotFoundException'> (0x0000000782b55130) thrown at [/HUDSON/workspace/8-2-build-linux-amd64/jdk8u201/12317/hotspot/src/share/vm/prims/jni.cpp, line 709]
Event: 26.089 Thread 0x00007f580000c000 Exception <a 'java/lang/UnsatisfiedLinkError': libtesseract.so: cannot open shared object file: No such file or directory> (0x00000007824f5310) thrown at [/HUDSON/workspace/8-2-build-linux-amd64/jdk8u201/12317/hotspot/src/share/vm/prims/jni.cpp, line 735]
Event: 26.090 Thread 0x00007f580000c000 Exception <a 'java/lang/UnsatisfiedLinkError': libtesseract.so: cannot open shared object file: No such file or directory> (0x00000007824f8170) thrown at [/HUDSON/workspace/8-2-build-linux-amd64/jdk8u201/12317/hotspot/src/share/vm/prims/jni.cpp, line 735]

Events (10 events):
Event: 26.349 Thread 0x00007f580000c000 DEOPT PACKING pc=0x00007f57f131ad82 sp=0x00007f5806fe2430
Event: 26.349 Thread 0x00007f580000c000 DEOPT UNPACKING pc=0x00007f57f1047784 sp=0x00007f5806fe2190 mode 0
Event: 26.349 Thread 0x00007f580000c000 DEOPT PACKING pc=0x00007f57f131ad82 sp=0x00007f5806fe2430
Event: 26.349 Thread 0x00007f580000c000 DEOPT UNPACKING pc=0x00007f57f1047784 sp=0x00007f5806fe2190 mode 0
Event: 26.349 Thread 0x00007f580000c000 DEOPT PACKING pc=0x00007f57f131ad82 sp=0x00007f5806fe2430
Event: 26.349 Thread 0x00007f580000c000 DEOPT UNPACKING pc=0x00007f57f1047784 sp=0x00007f5806fe2190 mode 0
Event: 29.196 loading class java/nio/DirectByteBuffer$Deallocator
Event: 29.196 loading class java/nio/DirectByteBuffer$Deallocator done
Event: 29.280 loading class com/sun/jna/Native$Buffers
Event: 29.280 loading class com/sun/jna/Native$Buffers done


Dynamic libraries:
00400000-00401000 r-xp 00000000 fc:01 25038051                           /usr/lib/jvm/java-8-oracle/bin/java
00600000-00601000 r--p 00000000 fc:01 25038051                           /usr/lib/jvm/java-8-oracle/bin/java
00601000-00602000 rw-p 00001000 fc:01 25038051                           /usr/lib/jvm/java-8-oracle/bin/java
0164f000-01670000 rw-p 00000000 00:00 0                                  [heap]
706000000-775f00000 rw-p 00000000 00:00 0 
775f00000-782000000 ---p 00000000 00:00 0 
782000000-788e80000 rw-p 00000000 00:00 0 
788e80000-7c0000000 ---p 00000000 00:00 0 
7c0000000-7c0120000 rw-p 00000000 00:00 0 
7c0120000-800000000 ---p 00000000 00:00 0 
7f5730000000-7f5738000000 rw-p 00000000 00:00 0 
7f5738000000-7f5740000000 rw-p 00000000 00:00 0 
7f5740000000-7f5748000000 rw-p 00000000 00:00 0 
7f5748000000-7f5750000000 rw-p 00000000 00:00 0 
7f5750000000-7f5754000000 rw-p 00000000 00:00 0 
7f57563c5000-7f57a4000000 rw-p 00000000 00:00 0 
7f57a4000000-7f57a4021000 rw-p 00000000 00:00 0 
7f57a4021000-7f57a8000000 ---p 00000000 00:00 0 
7f57a9826000-7f57aa977000 rw-p 00000000 00:00 0 
7f57aa977000-7f57aa982000 r-xp 00000000 fc:01 23732321                   /usr/lib/x86_64-linux-gnu/libjbig.so.0
7f57aa982000-7f57aab81000 ---p 0000b000 fc:01 23732321                   /usr/lib/x86_64-linux-gnu/libjbig.so.0
7f57aab81000-7f57aab82000 r--p 0000a000 fc:01 23732321                   /usr/lib/x86_64-linux-gnu/libjbig.so.0
7f57aab82000-7f57aab85000 rw-p 0000b000 fc:01 23732321                   /usr/lib/x86_64-linux-gnu/libjbig.so.0
7f57aab85000-7f57aaba6000 r-xp 00000000 fc:01 26350002                   /lib/x86_64-linux-gnu/liblzma.so.5.0.0
7f57aaba6000-7f57aada5000 ---p 00021000 fc:01 26350002                   /lib/x86_64-linux-gnu/liblzma.so.5.0.0
7f57aada5000-7f57aada6000 r--p 00020000 fc:01 26350002                   /lib/x86_64-linux-gnu/liblzma.so.5.0.0
7f57aada6000-7f57aada7000 rw-p 00021000 fc:01 26350002                   /lib/x86_64-linux-gnu/liblzma.so.5.0.0
7f57aada7000-7f57aadf8000 r-xp 00000000 fc:01 23732738                   /usr/lib/x86_64-linux-gnu/libwebp.so.5.0.0
7f57aadf8000-7f57aaff8000 ---p 00051000 fc:01 23732738                   /usr/lib/x86_64-linux-gnu/libwebp.so.5.0.0
7f57aaff8000-7f57aaff9000 r--p 00051000 fc:01 23732738                   /usr/lib/x86_64-linux-gnu/libwebp.so.5.0.0
7f57aaff9000-7f57aaffa000 rw-p 00052000 fc:01 23732738                   /usr/lib/x86_64-linux-gnu/libwebp.so.5.0.0
7f57aaffa000-7f57aafff000 rw-p 00000000 00:00 0 
7f57aafff000-7f57ab06f000 r-xp 00000000 fc:01 23726988                   /usr/lib/x86_64-linux-gnu/libtiff.so.5.2.0
7f57ab06f000-7f57ab26f000 ---p 00070000 fc:01 23726988                   /usr/lib/x86_64-linux-gnu/libtiff.so.5.2.0
7f57ab26f000-7f57ab270000 r--p 00070000 fc:01 23726988                   /usr/lib/x86_64-linux-gnu/libtiff.so.5.2.0
7f57ab270000-7f57ab273000 rw-p 00071000 fc:01 23726988                   /usr/lib/x86_64-linux-gnu/libtiff.so.5.2.0
7f57ab273000-7f57ab27b000 r-xp 00000000 fc:01 23737063                   /usr/lib/x86_64-linux-gnu/libgif.so.4.1.6
7f57ab27b000-7f57ab47a000 ---p 00008000 fc:01 23737063                   /usr/lib/x86_64-linux-gnu/libgif.so.4.1.6
7f57ab47a000-7f57ab47b000 r--p 00007000 fc:01 23737063                   /usr/lib/x86_64-linux-gnu/libgif.so.4.1.6
7f57ab47b000-7f57ab47c000 rw-p 00008000 fc:01 23737063                   /usr/lib/x86_64-linux-gnu/libgif.so.4.1.6
7f57ab47c000-7f57ab4bf000 r-xp 00000000 fc:01 23728282                   /usr/lib/x86_64-linux-gnu/libjpeg.so.8.0.2
7f57ab4bf000-7f57ab6bf000 ---p 00043000 fc:01 23728282                   /usr/lib/x86_64-linux-gnu/libjpeg.so.8.0.2
7f57ab6bf000-7f57ab6c0000 r--p 00043000 fc:01 23728282                   /usr/lib/x86_64-linux-gnu/libjpeg.so.8.0.2
7f57ab6c0000-7f57ab6c1000 rw-p 00044000 fc:01 23728282                   /usr/lib/x86_64-linux-gnu/libjpeg.so.8.0.2
7f57ab6c1000-7f57ab6d1000 rw-p 00000000 00:00 0 
7f57ab6d1000-7f57ab6f6000 r-xp 00000000 fc:01 26349877                   /lib/x86_64-linux-gnu/libpng12.so.0.50.0
7f57ab6f6000-7f57ab8f5000 ---p 00025000 fc:01 26349877                   /lib/x86_64-linux-gnu/libpng12.so.0.50.0
7f57ab8f5000-7f57ab8f6000 r--p 00024000 fc:01 26349877                   /lib/x86_64-linux-gnu/libpng12.so.0.50.0
7f57ab8f6000-7f57ab8f7000 rw-p 00025000 fc:01 26349877                   /lib/x86_64-linux-gnu/libpng12.so.0.50.0
7f57ab8f7000-7f57ab9dd000 r-xp 00000000 fc:01 23724055                   /usr/lib/x86_64-linux-gnu/libstdc++.so.6.0.19
7f57ab9dd000-7f57abbdc000 ---p 000e6000 fc:01 23724055                   /usr/lib/x86_64-linux-gnu/libstdc++.so.6.0.19
7f57abbdc000-7f57abbe4000 r--p 000e5000 fc:01 23724055                   /usr/lib/x86_64-linux-gnu/libstdc++.so.6.0.19
7f57abbe4000-7f57abbe6000 rw-p 000ed000 fc:01 23724055                   /usr/lib/x86_64-linux-gnu/libstdc++.so.6.0.19
7f57abbe6000-7f57abbfb000 rw-p 00000000 00:00 0 
7f57abbfb000-7f57abdf9000 r-xp 00000000 fc:01 23728302                   /usr/lib/liblept.so.4.0.1
7f57abdf9000-7f57abff9000 ---p 001fe000 fc:01 23728302                   /usr/lib/liblept.so.4.0.1
7f57abff9000-7f57abffa000 r--p 001fe000 fc:01 23728302                   /usr/lib/liblept.so.4.0.1
7f57abffa000-7f57ac000000 rw-p 001ff000 fc:01 23728302                   /usr/lib/liblept.so.4.0.1
7f57ac000000-7f57ac021000 rw-p 00000000 00:00 0 
7f57ac021000-7f57b0000000 ---p 00000000 00:00 0 
7f57b0000000-7f57b0021000 rw-p 00000000 00:00 0 
7f57b0021000-7f57b4000000 ---p 00000000 00:00 0 
7f57b4000000-7f57b426a000 rw-p 00000000 00:00 0 
7f57b426a000-7f57b8000000 ---p 00000000 00:00 0 
7f57b8000000-7f57b8021000 rw-p 00000000 00:00 0 
7f57b8021000-7f57bc000000 ---p 00000000 00:00 0 
7f57bc000000-7f57bc3c5000 rw-p 00000000 00:00 0 
7f57bc3c5000-7f57c0000000 ---p 00000000 00:00 0 
7f57c0000000-7f57c02a7000 rw-p 00000000 00:00 0 
7f57c02a7000-7f57c4000000 ---p 00000000 00:00 0 
7f57c4000000-7f57c4021000 rw-p 00000000 00:00 0 
7f57c4021000-7f57c8000000 ---p 00000000 00:00 0 
7f57c8000000-7f57c8021000 rw-p 00000000 00:00 0 
7f57c8021000-7f57cc000000 ---p 00000000 00:00 0 
7f57cc000000-7f57cc021000 rw-p 00000000 00:00 0 
7f57cc021000-7f57d0000000 ---p 00000000 00:00 0 
7f57d0000000-7f57d0021000 rw-p 00000000 00:00 0 
7f57d0021000-7f57d4000000 ---p 00000000 00:00 0 
7f57d4000000-7f57d4021000 rw-p 00000000 00:00 0 
7f57d4021000-7f57d8000000 ---p 00000000 00:00 0 
7f57d8037000-7f57d804f000 r-xp 00000000 fc:01 26349932                   /lib/x86_64-linux-gnu/libz.so.1.2.8
7f57d804f000-7f57d824e000 ---p 00018000 fc:01 26349932                   /lib/x86_64-linux-gnu/libz.so.1.2.8
7f57d824e000-7f57d824f000 r--p 00017000 fc:01 26349932                   /lib/x86_64-linux-gnu/libz.so.1.2.8
7f57d824f000-7f57d8250000 rw-p 00018000 fc:01 26349932                   /lib/x86_64-linux-gnu/libz.so.1.2.8
7f57d8250000-7f57d8522000 r-xp 00000000 fc:01 23728420                   /usr/lib/libtesseract.so.3.0.3
7f57d8522000-7f57d8721000 ---p 002d2000 fc:01 23728420                   /usr/lib/libtesseract.so.3.0.3
7f57d8721000-7f57d8726000 r--p 002d1000 fc:01 23728420                   /usr/lib/libtesseract.so.3.0.3
7f57d8726000-7f57d8727000 rw-p 002d6000 fc:01 23728420                   /usr/lib/libtesseract.so.3.0.3
7f57d8727000-7f57d8a3e000 rw-p 00000000 00:00 0 
7f57d8a3e000-7f57d8bbe000 ---p 00000000 00:00 0 
7f57d8bbe000-7f57d8bd6000 r-xp 00000000 00:2a 4070309                    /home/anirban/.cache/JNA/temp/jna2248302661900112371.tmp (deleted)
7f57d8bd6000-7f57d8dd6000 ---p 00018000 00:2a 4070309                    /home/anirban/.cache/JNA/temp/jna2248302661900112371.tmp (deleted)
7f57d8dd6000-7f57d8dd7000 rw-p 00018000 00:2a 4070309                    /home/anirban/.cache/JNA/temp/jna2248302661900112371.tmp (deleted)
7f57d8dd7000-7f57d8ed2000 r-xp 00000000 fc:01 25036995                   /usr/lib/jvm/java-8-oracle/jre/lib/amd64/libmlib_image.so
7f57d8ed2000-7f57d90d1000 ---p 000fb000 fc:01 25036995                   /usr/lib/jvm/java-8-oracle/jre/lib/amd64/libmlib_image.so
7f57d90d1000-7f57d90d2000 r--p 000fa000 fc:01 25036995                   /usr/lib/jvm/java-8-oracle/jre/lib/amd64/libmlib_image.so
7f57d90d2000-7f57d90d3000 rw-p 000fb000 fc:01 25036995                   /usr/lib/jvm/java-8-oracle/jre/lib/amd64/libmlib_image.so
7f57d90d3000-7f57d90e9000 r-xp 00000000 fc:01 26349982                   /lib/x86_64-linux-gnu/libgcc_s.so.1
7f57d90e9000-7f57d92e8000 ---p 00016000 fc:01 26349982                   /lib/x86_64-linux-gnu/libgcc_s.so.1
7f57d92e8000-7f57d92e9000 rw-p 00015000 fc:01 26349982                   /lib/x86_64-linux-gnu/libgcc_s.so.1
7f57d92e9000-7f57d9346000 r-xp 00000000 fc:01 25036965                   /usr/lib/jvm/java-8-oracle/jre/lib/amd64/libfontmanager.so
7f57d9346000-7f57d9546000 ---p 0005d000 fc:01 25036965                   /usr/lib/jvm/java-8-oracle/jre/lib/amd64/libfontmanager.so
7f57d9546000-7f57d9549000 r--p 0005d000 fc:01 25036965                   /usr/lib/jvm/java-8-oracle/jre/lib/amd64/libfontmanager.so
7f57d9549000-7f57d954a000 rw-p 00060000 fc:01 25036965                   /usr/lib/jvm/java-8-oracle/jre/lib/amd64/libfontmanager.so
7f57d954a000-7f57d95ba000 r-xp 00000000 fc:01 25036963                   /usr/lib/jvm/java-8-oracle/jre/lib/amd64/liblcms.so
7f57d95ba000-7f57d97ba000 ---p 00070000 fc:01 25036963                   /usr/lib/jvm/java-8-oracle/jre/lib/amd64/liblcms.so
7f57d97ba000-7f57d97bc000 r--p 00070000 fc:01 25036963                   /usr/lib/jvm/java-8-oracle/jre/lib/amd64/liblcms.so
7f57d97bc000-7f57d97bf000 rw-p 00072000 fc:01 25036963                   /usr/lib/jvm/java-8-oracle/jre/lib/amd64/liblcms.so
7f57d97bf000-7f57d97c0000 rw-p 00000000 00:00 0 
7f57d97c0000-7f57d97c3000 ---p 00000000 00:00 0 
7f57d97c3000-7f57d98c1000 rw-p 00000000 00:00 0 
7f57d98c1000-7f57d98c6000 r-xp 00000000 fc:01 23731724                   /usr/lib/x86_64-linux-gnu/libXdmcp.so.6.0.0
7f57d98c6000-7f57d9ac5000 ---p 00005000 fc:01 23731724                   /usr/lib/x86_64-linux-gnu/libXdmcp.so.6.0.0
7f57d9ac5000-7f57d9ac6000 r--p 00004000 fc:01 23731724                   /usr/lib/x86_64-linux-gnu/libXdmcp.so.6.0.0
7f57d9ac6000-7f57d9ac7000 rw-p 00005000 fc:01 23731724                   /usr/lib/x86_64-linux-gnu/libXdmcp.so.6.0.0
7f57d9ac7000-7f57d9ac9000 r-xp 00000000 fc:01 23731713                   /usr/lib/x86_64-linux-gnu/libXau.so.6.0.0
7f57d9ac9000-7f57d9cc9000 ---p 00002000 fc:01 23731713                   /usr/lib/x86_64-linux-gnu/libXau.so.6.0.0
7f57d9cc9000-7f57d9cca000 r--p 00002000 fc:01 23731713                   /usr/lib/x86_64-linux-gnu/libXau.so.6.0.0
7f57d9cca000-7f57d9ccb000 rw-p 00003000 fc:01 23731713                   /usr/lib/x86_64-linux-gnu/libXau.so.6.0.0
7f57d9ccb000-7f57d9ce8000 r-xp 00000000 fc:01 23732786                   /usr/lib/x86_64-linux-gnu/libxcb.so.1.1.0
7f57d9ce8000-7f57d9ee8000 ---p 0001d000 fc:01 23732786                   /usr/lib/x86_64-linux-gnu/libxcb.so.1.1.0
7f57d9ee8000-7f57d9ee9000 r--p 0001d000 fc:01 23732786                   /usr/lib/x86_64-linux-gnu/libxcb.so.1.1.0
7f57d9ee9000-7f57d9eea000 rw-p 0001e000 fc:01 23732786                   /usr/lib/x86_64-linux-gnu/libxcb.so.1.1.0
7f57d9eea000-7f57d9ef9000 r-xp 00000000 fc:01 23731734                   /usr/lib/x86_64-linux-gnu/libXi.so.6.1.0
7f57d9ef9000-7f57da0f8000 ---p 0000f000 fc:01 23731734                   /usr/lib/x86_64-linux-gnu/libXi.so.6.1.0
7f57da0f8000-7f57da0f9000 r--p 0000e000 fc:01 23731734                   /usr/lib/x86_64-linux-gnu/libXi.so.6.1.0
7f57da0f9000-7f57da0fa000 rw-p 0000f000 fc:01 23731734                   /usr/lib/x86_64-linux-gnu/libXi.so.6.1.0
7f57da0fa000-7f57da0ff000 r-xp 00000000 fc:01 23731754                   /usr/lib/x86_64-linux-gnu/libXtst.so.6.1.0
7f57da0ff000-7f57da2fe000 ---p 00005000 fc:01 23731754                   /usr/lib/x86_64-linux-gnu/libXtst.so.6.1.0
7f57da2fe000-7f57da2ff000 r--p 00004000 fc:01 23731754                   /usr/lib/x86_64-linux-gnu/libXtst.so.6.1.0
7f57da2ff000-7f57da300000 rw-p 00005000 fc:01 23731754                   /usr/lib/x86_64-linux-gnu/libXtst.so.6.1.0
7f57da300000-7f57e0000000 rw-p 00000000 00:00 0 
7f57e0000000-7f57e0021000 rw-p 00000000 00:00 0 
7f57e0021000-7f57e4000000 ---p 00000000 00:00 0 
7f57e4000000-7f57e4021000 rw-p 00000000 00:00 0 
7f57e4021000-7f57e8000000 ---p 00000000 00:00 0 
7f57e8000000-7f57e8021000 rw-p 00000000 00:00 0 
7f57e8021000-7f57ec000000 ---p 00000000 00:00 0 
7f57ec073000-7f57ec076000 ---p 00000000 00:00 0 
7f57ec076000-7f57ec0ac000 rw-p 00000000 00:00 0 
7f57ec0ac000-7f57ec0b0000 r--s 000a1000 fc:01 25036941                   /usr/lib/jvm/java-8-oracle/jre/lib/jsse.jar
7f57ec0b0000-7f57ec0ba000 r--s 00116000 fc:01 25036907                   /usr/lib/jvm/java-8-oracle/jre/lib/ext/localedata.jar
7f57ec0ba000-7f57ec0c3000 r-xp 00000000 fc:01 23731748                   /usr/lib/x86_64-linux-gnu/libXrender.so.1.3.0
7f57ec0c3000-7f57ec2c2000 ---p 00009000 fc:01 23731748                   /usr/lib/x86_64-linux-gnu/libXrender.so.1.3.0
7f57ec2c2000-7f57ec2c3000 r--p 00008000 fc:01 23731748                   /usr/lib/x86_64-linux-gnu/libXrender.so.1.3.0
7f57ec2c3000-7f57ec2c4000 rw-p 00009000 fc:01 23731748                   /usr/lib/x86_64-linux-gnu/libXrender.so.1.3.0
7f57ec2c4000-7f57ec3f4000 r-xp 00000000 fc:01 23736750                   /usr/lib/x86_64-linux-gnu/libX11.so.6.3.0
7f57ec3f4000-7f57ec5f4000 ---p 00130000 fc:01 23736750                   /usr/lib/x86_64-linux-gnu/libX11.so.6.3.0
7f57ec5f4000-7f57ec5f5000 r--p 00130000 fc:01 23736750                   /usr/lib/x86_64-linux-gnu/libX11.so.6.3.0
7f57ec5f5000-7f57ec5f9000 rw-p 00131000 fc:01 23736750                   /usr/lib/x86_64-linux-gnu/libX11.so.6.3.0
7f57ec5f9000-7f57ec60a000 r-xp 00000000 fc:01 23731726                   /usr/lib/x86_64-linux-gnu/libXext.so.6.4.0
7f57ec60a000-7f57ec809000 ---p 00011000 fc:01 23731726                   /usr/lib/x86_64-linux-gnu/libXext.so.6.4.0
7f57ec809000-7f57ec80a000 r--p 00010000 fc:01 23731726                   /usr/lib/x86_64-linux-gnu/libXext.so.6.4.0
7f57ec80a000-7f57ec80b000 rw-p 00011000 fc:01 23731726                   /usr/lib/x86_64-linux-gnu/libXext.so.6.4.0
7f57ec80d000-7f57ec829000 r--s 00393000 fc:01 25036904                   /usr/lib/jvm/java-8-oracle/jre/lib/ext/cldrdata.jar
7f57ec829000-7f57ec87c000 r-xp 00000000 fc:01 25036973                   /usr/lib/jvm/java-8-oracle/jre/lib/amd64/libawt_xawt.so
7f57ec87c000-7f57eca7b000 ---p 00053000 fc:01 25036973                   /usr/lib/jvm/java-8-oracle/jre/lib/amd64/libawt_xawt.so
7f57eca7b000-7f57eca7c000 r--p 00052000 fc:01 25036973                   /usr/lib/jvm/java-8-oracle/jre/lib/amd64/libawt_xawt.so
7f57eca7c000-7f57eca7f000 rw-p 00053000 fc:01 25036973                   /usr/lib/jvm/java-8-oracle/jre/lib/amd64/libawt_xawt.so
7f57eca7f000-7f57eca80000 rw-p 00000000 00:00 0 
7f57eca80000-7f57ecb20000 r-xp 00000000 fc:01 25037002                   /usr/lib/jvm/java-8-oracle/jre/lib/amd64/libawt.so
7f57ecb20000-7f57ecd1f000 ---p 000a0000 fc:01 25037002                   /usr/lib/jvm/java-8-oracle/jre/lib/amd64/libawt.so
7f57ecd1f000-7f57ecd20000 r--p 0009f000 fc:01 25037002                   /usr/lib/jvm/java-8-oracle/jre/lib/amd64/libawt.so
7f57ecd20000-7f57ecd2b000 rw-p 000a0000 fc:01 25037002                   /usr/lib/jvm/java-8-oracle/jre/lib/amd64/libawt.so
7f57ecd2b000-7f57ecd50000 rw-p 00000000 00:00 0 
7f57ecd50000-7f57ecd52000 r--s 00004000 00:2a 5119241                    /home/anirban/.m2/repository/org/slf4j/log4j-over-slf4j/1.7.25/log4j-over-slf4j-1.7.25.jar
7f57ecd52000-7f57ecd54000 r--s 00003000 00:2a 9448103                    /home/anirban/.m2/repository/org/slf4j/jcl-over-slf4j/1.7.25/jcl-over-slf4j-1.7.25.jar
7f57ecd54000-7f57ecd56000 r--s 00000000 00:2a 5513746                    /home/anirban/.m2/repository/org/slf4j/jul-to-slf4j/1.7.25/jul-to-slf4j-1.7.25.jar
7f57ecd56000-7f57ecd58000 r--s 00009000 00:2a 5513750                    /home/anirban/.m2/repository/org/slf4j/slf4j-api/1.7.25/slf4j-api-1.7.25.jar
7f57ecd58000-7f57ecd63000 r--s 00069000 00:2a 5513740                    /home/anirban/.m2/repository/ch/qos/logback/logback-core/1.2.3/logback-core-1.2.3.jar
7f57ecd63000-7f57ecd69000 r--s 00041000 00:2a 5513738                    /home/anirban/.m2/repository/ch/qos/logback/logback-classic/1.2.3/logback-classic-1.2.3.jar
7f57ecd69000-7f57ecd6b000 r--s 0000c000 00:2a 6557497                    /home/anirban/.m2/repository/org/jboss/logging/jboss-logging/3.1.4.GA/jboss-logging-3.1.4.GA.jar
7f57ecd6b000-7f57ecd6f000 r--s 00020000 00:2a 6428137                    /home/anirban/.m2/repository/org/jboss/jboss-vfs/3.2.14.Final/jboss-vfs-3.2.14.Final.jar
7f57ecd6f000-7f57ecd75000 r--s 00320000 00:2a 6036582                    /home/anirban/.m2/repository/net/sourceforge/lept4j/lept4j/1.10.0/lept4j-1.10.0.jar
7f57ecd75000-7f57ecd79000 r--s 00031000 00:2a 3938854                    /home/anirban/.m2/repository/commons-io/commons-io/2.6/commons-io-2.6.jar
7f57ecd79000-7f57ecd7d000 r--s 00022000 00:2a 3938852                    /home/anirban/.m2/repository/org/apache/pdfbox/jbig2-imageio/3.0.2/jbig2-imageio-3.0.2.jar
7f57ecd7d000-7f57ecd82000 r--s 00037000 00:2a 3938850                    /home/anirban/.m2/repository/org/apache/pdfbox/pdfbox-debugger/2.0.12/pdfbox-debugger-2.0.12.jar
7f57ecd82000-7f57ecd84000 r--s 00010000 00:2a 3938848                    /home/anirban/.m2/repository/org/apache/pdfbox/pdfbox-tools/2.0.12/pdfbox-tools-2.0.12.jar
7f57ecd84000-7f57ecd8b000 r--s 00176000 00:2a 3938846                    /home/anirban/.m2/repository/org/apache/pdfbox/fontbox/2.0.12/fontbox-2.0.12.jar
7f57ecd8b000-7f57ecda1000 r--s 00257000 00:2a 3938844                    /home/anirban/.m2/repository/org/apache/pdfbox/pdfbox/2.0.12/pdfbox-2.0.12.jar
7f57ecda1000-7f57ecdad000 r--s 00108000 00:2a 3938842                    /home/anirban/.m2/repository/com/lowagie/itext/2.1.7/itext-2.1.7.jar
7f57ecdad000-7f57ecdb7000 r--s 00081000 00:2a 3938840                    /home/anirban/.m2/repository/org/apache/xmlgraphics/xmlgraphics-commons/1.4/xmlgraphics-commons-1.4.jar
7f57ecdb7000-7f57ecdc5000 r--s 0007f000 00:2a 6949606                    /home/anirban/.m2/repository/commons-collections/commons-collections/3.2.1/commons-collections-3.2.1.jar
7f57ecdc5000-7f57ecdca000 r--s 00035000 00:2a 6949598                    /home/anirban/.m2/repository/commons-beanutils/commons-beanutils/1.9.2/commons-beanutils-1.9.2.jar
7f57ecdca000-7f57ecdd3000 r--s 0006f000 00:2a 4326430                    /home/anirban/.m2/repository/log4j/log4j/1.2.17/log4j-1.2.17.jar
7f57ecdd3000-7f57ecdde000 r--s 0008f000 00:2a 7077935                    /home/anirban/.m2/repository/com/github/jai-imageio/jai-imageio-core/1.4.0/jai-imageio-core-1.4.0.jar
7f57ecdde000-7f57ecddf000 ---p 00000000 00:00 0 
7f57ecddf000-7f57ecedf000 rw-p 00000000 00:00 0 
7f57ecedf000-7f57ecee2000 ---p 00000000 00:00 0 
7f57ecee2000-7f57ecfe0000 rw-p 00000000 00:00 0 
7f57ecfe0000-7f57ecfe3000 ---p 00000000 00:00 0 
7f57ecfe3000-7f57ed0e1000 rw-p 00000000 00:00 0 
7f57ed0e1000-7f57ed0e4000 ---p 00000000 00:00 0 
7f57ed0e4000-7f57ed1e2000 rw-p 00000000 00:00 0 
7f57ed1e2000-7f57ed1e5000 ---p 00000000 00:00 0 
7f57ed1e5000-7f57ed2e3000 rw-p 00000000 00:00 0 
7f57ed2e3000-7f57ed2e6000 ---p 00000000 00:00 0 
7f57ed2e6000-7f57ed3e4000 rw-p 00000000 00:00 0 
7f57ed3e4000-7f57edbb4000 r--p 00000000 fc:01 23730721                   /usr/lib/locale/locale-archive
7f57edbb4000-7f57edbb7000 ---p 00000000 00:00 0 
7f57edbb7000-7f57edcb5000 rw-p 00000000 00:00 0 
7f57edcb5000-7f57edcb8000 ---p 00000000 00:00 0 
7f57edcb8000-7f57eddb6000 rw-p 00000000 00:00 0 
7f57eddb6000-7f57eddb7000 ---p 00000000 00:00 0 
7f57eddb7000-7f57eee6b000 rw-p 00000000 00:00 0 
7f57eee6b000-7f57ef045000 r--s 03d6f000 fc:01 25036867                   /usr/lib/jvm/java-8-oracle/jre/lib/rt.jar
7f57ef045000-7f57efe8b000 rw-p 00000000 00:00 0 
7f57efe8b000-7f57efe8c000 ---p 00000000 00:00 0 
7f57efe8c000-7f57eff8c000 rw-p 00000000 00:00 0 
7f57eff8c000-7f57eff8d000 ---p 00000000 00:00 0 
7f57eff8d000-7f57f008d000 rw-p 00000000 00:00 0 
7f57f008d000-7f57f008e000 ---p 00000000 00:00 0 
7f57f008e000-7f57f018e000 rw-p 00000000 00:00 0 
7f57f018e000-7f57f018f000 ---p 00000000 00:00 0 
7f57f018f000-7f57f060f000 rw-p 00000000 00:00 0 
7f57f060f000-7f57f066f000 ---p 00000000 00:00 0 
7f57f066f000-7f57f09ef000 rw-p 00000000 00:00 0 
7f57f09ef000-7f57f0a4f000 ---p 00000000 00:00 0 
7f57f0a4f000-7f57f0a87000 rw-p 00000000 00:00 0 
7f57f0a87000-7f57f0c3f000 ---p 00000000 00:00 0 
7f57f0c3f000-7f57f0c4d000 rw-p 00000000 00:00 0 
7f57f0c4d000-7f57f1000000 ---p 00000000 00:00 0 
7f57f1000000-7f57f1330000 rwxp 00000000 00:00 0 
7f57f1330000-7f5800000000 ---p 00000000 00:00 0 
7f5800000000-7f5804000000 rw-p 00000000 00:00 0 
7f5804000000-7f5804002000 r--s 0000e000 00:2a 12976182                   /home/anirban/.m2/repository/commons-logging/commons-logging/1.2/commons-logging-1.2.jar
7f5804002000-7f5804007000 r--s 00028000 00:2a 3938838                    /home/anirban/.m2/repository/org/ghost4j/ghost4j/1.0.1/ghost4j-1.0.1.jar
7f5804007000-7f5804056000 rw-p 00000000 00:00 0 
7f5804056000-7f5804071000 r-xp 00000000 fc:01 25036979                   /usr/lib/jvm/java-8-oracle/jre/lib/amd64/libzip.so
7f5804071000-7f5804270000 ---p 0001b000 fc:01 25036979                   /usr/lib/jvm/java-8-oracle/jre/lib/amd64/libzip.so
7f5804270000-7f5804271000 r--p 0001a000 fc:01 25036979                   /usr/lib/jvm/java-8-oracle/jre/lib/amd64/libzip.so
7f5804271000-7f5804272000 rw-p 0001b000 fc:01 25036979                   /usr/lib/jvm/java-8-oracle/jre/lib/amd64/libzip.so
7f5804272000-7f580427c000 r-xp 00000000 fc:01 26355267                   /lib/x86_64-linux-gnu/libnss_files-2.19.so
7f580427c000-7f580447b000 ---p 0000a000 fc:01 26355267                   /lib/x86_64-linux-gnu/libnss_files-2.19.so
7f580447b000-7f580447c000 r--p 00009000 fc:01 26355267                   /lib/x86_64-linux-gnu/libnss_files-2.19.so
7f580447c000-7f580447d000 rw-p 0000a000 fc:01 26355267                   /lib/x86_64-linux-gnu/libnss_files-2.19.so
7f580447d000-7f5804488000 r-xp 00000000 fc:01 26355255                   /lib/x86_64-linux-gnu/libnss_nis-2.19.so
7f5804488000-7f5804687000 ---p 0000b000 fc:01 26355255                   /lib/x86_64-linux-gnu/libnss_nis-2.19.so
7f5804687000-7f5804688000 r--p 0000a000 fc:01 26355255                   /lib/x86_64-linux-gnu/libnss_nis-2.19.so
7f5804688000-7f5804689000 rw-p 0000b000 fc:01 26355255                   /lib/x86_64-linux-gnu/libnss_nis-2.19.so
7f5804689000-7f58046a0000 r-xp 00000000 fc:01 26355271                   /lib/x86_64-linux-gnu/libnsl-2.19.so
7f58046a0000-7f580489f000 ---p 00017000 fc:01 26355271                   /lib/x86_64-linux-gnu/libnsl-2.19.so
7f580489f000-7f58048a0000 r--p 00016000 fc:01 26355271                   /lib/x86_64-linux-gnu/libnsl-2.19.so
7f58048a0000-7f58048a1000 rw-p 00017000 fc:01 26355271                   /lib/x86_64-linux-gnu/libnsl-2.19.so
7f58048a1000-7f58048a3000 rw-p 00000000 00:00 0 
7f58048a3000-7f58048ac000 r-xp 00000000 fc:01 26355270                   /lib/x86_64-linux-gnu/libnss_compat-2.19.so
7f58048ac000-7f5804aab000 ---p 00009000 fc:01 26355270                   /lib/x86_64-linux-gnu/libnss_compat-2.19.so
7f5804aab000-7f5804aac000 r--p 00008000 fc:01 26355270                   /lib/x86_64-linux-gnu/libnss_compat-2.19.so
7f5804aac000-7f5804aad000 rw-p 00009000 fc:01 26355270                   /lib/x86_64-linux-gnu/libnss_compat-2.19.so
7f5804aad000-7f5804ad9000 r-xp 00000000 fc:01 25036978                   /usr/lib/jvm/java-8-oracle/jre/lib/amd64/libjava.so
7f5804ad9000-7f5804cd9000 ---p 0002c000 fc:01 25036978                   /usr/lib/jvm/java-8-oracle/jre/lib/amd64/libjava.so
7f5804cd9000-7f5804cda000 r--p 0002c000 fc:01 25036978                   /usr/lib/jvm/java-8-oracle/jre/lib/amd64/libjava.so
7f5804cda000-7f5804cdc000 rw-p 0002d000 fc:01 25036978                   /usr/lib/jvm/java-8-oracle/jre/lib/amd64/libjava.so
7f5804cdc000-7f5804ce9000 r-xp 00000000 fc:01 25037011                   /usr/lib/jvm/java-8-oracle/jre/lib/amd64/libverify.so
7f5804ce9000-7f5804ee8000 ---p 0000d000 fc:01 25037011                   /usr/lib/jvm/java-8-oracle/jre/lib/amd64/libverify.so
7f5804ee8000-7f5804eea000 r--p 0000c000 fc:01 25037011                   /usr/lib/jvm/java-8-oracle/jre/lib/amd64/libverify.so
7f5804eea000-7f5804eeb000 rw-p 0000e000 fc:01 25037011                   /usr/lib/jvm/java-8-oracle/jre/lib/amd64/libverify.so
7f5804eeb000-7f5804ef2000 r-xp 00000000 fc:01 26355268                   /lib/x86_64-linux-gnu/librt-2.19.so
7f5804ef2000-7f58050f1000 ---p 00007000 fc:01 26355268                   /lib/x86_64-linux-gnu/librt-2.19.so
7f58050f1000-7f58050f2000 r--p 00006000 fc:01 26355268                   /lib/x86_64-linux-gnu/librt-2.19.so
7f58050f2000-7f58050f3000 rw-p 00007000 fc:01 26355268                   /lib/x86_64-linux-gnu/librt-2.19.so
7f58050f3000-7f58051f8000 r-xp 00000000 fc:01 26355253                   /lib/x86_64-linux-gnu/libm-2.19.so
7f58051f8000-7f58053f7000 ---p 00105000 fc:01 26355253                   /lib/x86_64-linux-gnu/libm-2.19.so
7f58053f7000-7f58053f8000 r--p 00104000 fc:01 26355253                   /lib/x86_64-linux-gnu/libm-2.19.so
7f58053f8000-7f58053f9000 rw-p 00105000 fc:01 26355253                   /lib/x86_64-linux-gnu/libm-2.19.so
7f58053f9000-7f58060e1000 r-xp 00000000 fc:01 25036948                   /usr/lib/jvm/java-8-oracle/jre/lib/amd64/server/libjvm.so
7f58060e1000-7f58062e0000 ---p 00ce8000 fc:01 25036948                   /usr/lib/jvm/java-8-oracle/jre/lib/amd64/server/libjvm.so
7f58062e0000-7f5806376000 r--p 00ce7000 fc:01 25036948                   /usr/lib/jvm/java-8-oracle/jre/lib/amd64/server/libjvm.so
7f5806376000-7f58063a7000 rw-p 00d7d000 fc:01 25036948                   /usr/lib/jvm/java-8-oracle/jre/lib/amd64/server/libjvm.so
7f58063a7000-7f58063e2000 rw-p 00000000 00:00 0 
7f58063e2000-7f58065a0000 r-xp 00000000 fc:01 26355266                   /lib/x86_64-linux-gnu/libc-2.19.so
7f58065a0000-7f58067a0000 ---p 001be000 fc:01 26355266                   /lib/x86_64-linux-gnu/libc-2.19.so
7f58067a0000-7f58067a4000 r--p 001be000 fc:01 26355266                   /lib/x86_64-linux-gnu/libc-2.19.so
7f58067a4000-7f58067a6000 rw-p 001c2000 fc:01 26355266                   /lib/x86_64-linux-gnu/libc-2.19.so
7f58067a6000-7f58067ab000 rw-p 00000000 00:00 0 
7f58067ab000-7f58067ae000 r-xp 00000000 fc:01 26355257                   /lib/x86_64-linux-gnu/libdl-2.19.so
7f58067ae000-7f58069ad000 ---p 00003000 fc:01 26355257                   /lib/x86_64-linux-gnu/libdl-2.19.so
7f58069ad000-7f58069ae000 r--p 00002000 fc:01 26355257                   /lib/x86_64-linux-gnu/libdl-2.19.so
7f58069ae000-7f58069af000 rw-p 00003000 fc:01 26355257                   /lib/x86_64-linux-gnu/libdl-2.19.so
7f58069af000-7f58069c6000 r-xp 00000000 fc:01 25039812                   /usr/lib/jvm/java-8-oracle/lib/amd64/jli/libjli.so
7f58069c6000-7f5806bc5000 ---p 00017000 fc:01 25039812                   /usr/lib/jvm/java-8-oracle/lib/amd64/jli/libjli.so
7f5806bc5000-7f5806bc6000 r--p 00016000 fc:01 25039812                   /usr/lib/jvm/java-8-oracle/lib/amd64/jli/libjli.so
7f5806bc6000-7f5806bc7000 rw-p 00017000 fc:01 25039812                   /usr/lib/jvm/java-8-oracle/lib/amd64/jli/libjli.so
7f5806bc7000-7f5806be0000 r-xp 00000000 fc:01 26355249                   /lib/x86_64-linux-gnu/libpthread-2.19.so
7f5806be0000-7f5806ddf000 ---p 00019000 fc:01 26355249                   /lib/x86_64-linux-gnu/libpthread-2.19.so
7f5806ddf000-7f5806de0000 r--p 00018000 fc:01 26355249                   /lib/x86_64-linux-gnu/libpthread-2.19.so
7f5806de0000-7f5806de1000 rw-p 00019000 fc:01 26355249                   /lib/x86_64-linux-gnu/libpthread-2.19.so
7f5806de1000-7f5806de5000 rw-p 00000000 00:00 0 
7f5806de5000-7f5806e08000 r-xp 00000000 fc:01 26355263                   /lib/x86_64-linux-gnu/ld-2.19.so
7f5806e08000-7f5806e0d000 r--s 00167000 00:2a 6036580                    /home/anirban/.m2/repository/net/java/dev/jna/jna/5.1.0/jna-5.1.0.jar
7f5806e0d000-7f5806e12000 r--s 002f9000 fc:01 25037033                   /usr/lib/jvm/java-8-oracle/jre/lib/charsets.jar
7f5806e12000-7f5806e14000 r--s 01277000 00:2a 6036578                    /home/anirban/.m2/repository/net/sourceforge/tess4j/tess4j/4.3.1/tess4j-4.3.1.jar
7f5806e14000-7f5806e19000 r--s 00084000 fc:01 25037016                   /usr/lib/jvm/java-8-oracle/jre/lib/jfr.jar
7f5806e19000-7f5806e1e000 r--s 002f9000 fc:01 25037033                   /usr/lib/jvm/java-8-oracle/jre/lib/charsets.jar
7f5806e1e000-7f5806e21000 r--s 0001a000 fc:01 25037025                   /usr/lib/jvm/java-8-oracle/jre/lib/jce.jar
7f5806e21000-7f5806e25000 r--s 000a1000 fc:01 25036941                   /usr/lib/jvm/java-8-oracle/jre/lib/jsse.jar
7f5806e25000-7f5806ee3000 rw-p 00000000 00:00 0 
7f5806ee3000-7f5806ee6000 ---p 00000000 00:00 0 
7f5806ee6000-7f5806fe9000 rw-p 00000000 00:00 0 
7f5806fe9000-7f5806fea000 r--s 00006000 00:2a 4331416                    /home/anirban/.m2/repository/org/imgscalr/imgscalr-lib/4.2/imgscalr-lib-4.2.jar
7f5806fea000-7f5806ffd000 r--s 00345000 fc:01 25037029                   /usr/lib/jvm/java-8-oracle/jre/lib/resources.jar
7f5806ffd000-7f5807005000 rw-s 00000000 fc:01 10103924                   /tmp/hsperfdata_anirban/7052
7f5807005000-7f5807006000 rw-p 00000000 00:00 0 
7f5807006000-7f5807007000 r--p 00000000 00:00 0 
7f5807007000-7f5807008000 r--p 00022000 fc:01 26355263                   /lib/x86_64-linux-gnu/ld-2.19.so
7f5807008000-7f5807009000 rw-p 00023000 fc:01 26355263                   /lib/x86_64-linux-gnu/ld-2.19.so
7f5807009000-7f580700a000 rw-p 00000000 00:00 0 
7ffc1e0b5000-7ffc1e0d7000 rw-p 00000000 00:00 0                          [stack]
7ffc1e1e0000-7ffc1e1e3000 r--p 00000000 00:00 0                          [vvar]
7ffc1e1e3000-7ffc1e1e5000 r-xp 00000000 00:00 0                          [vdso]
ffffffffff600000-ffffffffff601000 r-xp 00000000 00:00 0                  [vsyscall]

VM Arguments:
jvm_args: -Dfile.encoding=UTF-8 
java_command: com.OCR.Read.ReadImages
java_class_path (initial): /usr/lib/jvm/java-8-oracle/jre/lib/resources.jar:/usr/lib/jvm/java-8-oracle/jre/lib/rt.jar:/usr/lib/jvm/java-8-oracle/jre/lib/jsse.jar:/usr/lib/jvm/java-8-oracle/jre/lib/jce.jar:/usr/lib/jvm/java-8-oracle/jre/lib/charsets.jar:/usr/lib/jvm/java-8-oracle/jre/lib/jfr.jar:/usr/lib/jvm/java-8-oracle/jre/lib/ext/cldrdata.jar:/usr/lib/jvm/java-8-oracle/jre/lib/ext/zipfs.jar:/usr/lib/jvm/java-8-oracle/jre/lib/ext/localedata.jar:/usr/lib/jvm/java-8-oracle/jre/lib/ext/sunjce_provider.jar:/usr/lib/jvm/java-8-oracle/jre/lib/ext/nashorn.jar:/usr/lib/jvm/java-8-oracle/jre/lib/ext/jfxrt.jar:/usr/lib/jvm/java-8-oracle/jre/lib/ext/jaccess.jar:/usr/lib/jvm/java-8-oracle/jre/lib/ext/dnsns.jar:/usr/lib/jvm/java-8-oracle/jre/lib/ext/sunpkcs11.jar:/usr/lib/jvm/java-8-oracle/jre/lib/ext/sunec.jar:/home/anirban/D/Readonly/ReadEL/target/classes:/home/anirban/.m2/repository/net/sourceforge/tess4j/tess4j/4.3.1/tess4j-4.3.1.jar:/home/anirban/.m2/repository/net/java/dev/jna/jna/5.1.0/jna-5.1.0.jar:/home/anirban/.m2/repository/com/github/jai-imageio/jai-imageio-core/1.4.0/jai-imageio-core-1.4.0.jar:/home/anirban/.m2/repository/org/ghost4j/ghost4j/1.0.1/ghost4j-1.0.1.jar:/home/anirban/.m2/repository/log4j/log4j/1.2.17/log4j-1.2.17.jar:/home/anirban/.m2/repository/commons-beanutils/commons-beanutils/1.9.2/commons-beanutils-1.9.2.jar:/home/anirban/.m2/repository/commons-collections/commons-collections/3.2.1/commons-collections-3.2.1.jar:/home/anirban/.m2/repository/org/apache/xmlgraphics/xmlgraphics-commons/1.4/xmlgraphics-commons-1.4.jar:/home/anirban/.m2/repository/com/lowagie/itext/2.1.7/itext-2.1.7.jar:/home/anirban/.m2/repository/org/apache/pdfbox/pdfbox/2.0.12/pdfbox-2.0.12.jar:/home/anirban/.m2/repository/org/apache/pdfbox/fontbox/2.0.12/fontbox-2.0.12.jar:/home/anirban/.m2/repository/commons-logging/commons-logging/1.2/commons-logging-1.2.jar:/home/anirban/.m2/repository/org/apache/pdfbox/pdfbox-tools/2.0.12/pdfbox-tools-2.0.12.jar:/home/anirban/.m2/repository/o
Launcher Type: SUN_STANDARD

Environment Variables:
JAVA_HOME=/usr/lib/jvm/java-8-oracle
PATH=/usr/local/sbin:/usr/local/bin:/usr/sbin:/usr/bin:/sbin:/bin:/usr/games:/usr/local/games:/usr/lib/jvm/java-8-oracle/bin:/usr/lib/jvm/java-8-oracle/db/bin:/usr/lib/jvm/java-8-oracle/jre/bin
SHELL=/bin/bash
DISPLAY=:0

Signal Handlers:
SIGSEGV: [libjvm.so+0xad3e60], sa_mask[0]=11111111011111111101111111111110, sa_flags=SA_RESTART|SA_SIGINFO
SIGBUS: [libjvm.so+0xad3e60], sa_mask[0]=11111111011111111101111111111110, sa_flags=SA_RESTART|SA_SIGINFO
SIGFPE: [libjvm.so+0x90b880], sa_mask[0]=11111111011111111101111111111110, sa_flags=SA_RESTART|SA_SIGINFO
SIGPIPE: [libjvm.so+0x90b880], sa_mask[0]=11111111011111111101111111111110, sa_flags=SA_RESTART|SA_SIGINFO
SIGXFSZ: [libjvm.so+0x90b880], sa_mask[0]=11111111011111111101111111111110, sa_flags=SA_RESTART|SA_SIGINFO
SIGILL: [libjvm.so+0x90b880], sa_mask[0]=11111111011111111101111111111110, sa_flags=SA_RESTART|SA_SIGINFO
SIGUSR1: SIG_DFL, sa_mask[0]=00000000000000000000000000000000, sa_flags=none
SIGUSR2: [libjvm.so+0x90b750], sa_mask[0]=00100000000000000000000000000000, sa_flags=SA_RESTART|SA_SIGINFO
SIGHUP: [libjvm.so+0x90bd70], sa_mask[0]=11111111011111111101111111111110, sa_flags=SA_RESTART|SA_SIGINFO
SIGINT: [libjvm.so+0x90bd70], sa_mask[0]=11111111011111111101111111111110, sa_flags=SA_RESTART|SA_SIGINFO
SIGTERM: [libjvm.so+0x90bd70], sa_mask[0]=11111111011111111101111111111110, sa_flags=SA_RESTART|SA_SIGINFO
SIGQUIT: [libjvm.so+0x90bd70], sa_mask[0]=11111111011111111101111111111110, sa_flags=SA_RESTART|SA_SIGINFO


---------------  S Y S T E M  ---------------

OS:DISTRIB_ID=Ubuntu
DISTRIB_RELEASE=14.04
DISTRIB_CODENAME=trusty
DISTRIB_DESCRIPTION="Ubuntu 14.04.6 LTS"

uname:Linux 4.4.0-148-generic #174~14.04.1-Ubuntu SMP Thu May 9 08:17:37 UTC 2019 x86_64
libc:glibc 2.19 NPTL 2.19 
rlimit: STACK 8192k, CORE 0k, NPROC 47181, NOFILE 4096, AS infinity
load average:12.11 3.61 1.83

/proc/meminfo:
MemTotal:       12187524 kB
MemFree:          691068 kB
MemAvailable:     661948 kB
Buffers:            2940 kB
Cached:           604844 kB
SwapCached:       353764 kB
Active:          9308260 kB
Inactive:        1629324 kB
Active(anon):    9245368 kB
Inactive(anon):  1554352 kB
Active(file):      62892 kB
Inactive(file):    74972 kB
Unevictable:        1480 kB
Mlocked:            1480 kB
SwapTotal:       8191996 kB
SwapFree:        5786720 kB
Dirty:                88 kB
Writeback:             0 kB
AnonPages:      10129476 kB
Mapped:           337464 kB
Shmem:            469320 kB
Slab:             245684 kB
SReclaimable:     108092 kB
SUnreclaim:       137592 kB
KernelStack:       23648 kB
PageTables:       141328 kB
NFS_Unstable:          0 kB
Bounce:                0 kB
WritebackTmp:          0 kB
CommitLimit:    14285756 kB
Committed_AS:   26486436 kB
VmallocTotal:   34359738367 kB
VmallocUsed:           0 kB
VmallocChunk:          0 kB
HardwareCorrupted:     0 kB
AnonHugePages:         0 kB
CmaTotal:              0 kB
CmaFree:               0 kB
HugePages_Total:       0
HugePages_Free:        0
HugePages_Rsvd:        0
HugePages_Surp:        0
Hugepagesize:       2048 kB
DirectMap4k:      650232 kB
DirectMap2M:    10768384 kB
DirectMap1G:     1048576 kB

container (cgroup) information:
container_type: cgroupv1
cpu_cpuset_cpus: 0-3
cpu_memory_nodes: 0
active_processor_count: 4
cpu_quota: -1
cpu_period: 100000
cpu_shares: -1
memory_limit_in_bytes: -1
memory_and_swap_limit_in_bytes: -2
memory_soft_limit_in_bytes: -1
memory_usage_in_bytes: 11067310080
memory_max_usage_in_bytes: 11661852672


CPU:total 4 (initial active 4) (2 cores per cpu, 2 threads per core) family 6 model 61 stepping 4, cmov, cx8, fxsr, mmx, sse, sse2, sse3, ssse3, sse4.1, sse4.2, popcnt, avx, avx2, aes, clmul, erms, 3dnowpref, lzcnt, ht, tsc, tscinvbit, bmi1, bmi2, adx

/proc/cpuinfo:
processor	: 0
vendor_id	: GenuineIntel
cpu family	: 6
model		: 61
model name	: Intel(R) Core(TM) i5-5200U CPU @ 2.20GHz
stepping	: 4
microcode	: 0x2d
cpu MHz		: 2072.812
cache size	: 3072 KB
physical id	: 0
siblings	: 4
core id		: 0
cpu cores	: 2
apicid		: 0
initial apicid	: 0
fpu		: yes
fpu_exception	: yes
cpuid level	: 20
wp		: yes
flags		: fpu vme de pse tsc msr pae mce cx8 apic sep mtrr pge mca cmov pat pse36 clflush dts acpi mmx fxsr sse sse2 ss ht tm pbe syscall nx pdpe1gb rdtscp lm constant_tsc arch_perfmon pebs bts rep_good nopl xtopology nonstop_tsc aperfmperf pni pclmulqdq dtes64 monitor ds_cpl vmx est tm2 ssse3 sdbg fma cx16 xtpr pdcm pcid sse4_1 sse4_2 x2apic movbe popcnt tsc_deadline_timer aes xsave avx f16c rdrand lahf_lm abm 3dnowprefetch epb invpcid_single intel_pt ssbd ibrs ibpb stibp kaiser tpr_shadow vnmi flexpriority ept vpid fsgsbase tsc_adjust bmi1 avx2 smep bmi2 erms invpcid rdseed adx smap xsaveopt dtherm ida arat pln pts md_clear flush_l1d
bugs		: cpu_meltdown spectre_v1 spectre_v2 spec_store_bypass l1tf mds
bogomips	: 4389.73
clflush size	: 64
cache_alignment	: 64
address sizes	: 39 bits physical, 48 bits virtual
power management:

processor	: 1
vendor_id	: GenuineIntel
cpu family	: 6
model		: 61
model name	: Intel(R) Core(TM) i5-5200U CPU @ 2.20GHz
stepping	: 4
microcode	: 0x2d
cpu MHz		: 1787.328
cache size	: 3072 KB
physical id	: 0
siblings	: 4
core id		: 0
cpu cores	: 2
apicid		: 1
initial apicid	: 1
fpu		: yes
fpu_exception	: yes
cpuid level	: 20
wp		: yes
flags		: fpu vme de pse tsc msr pae mce cx8 apic sep mtrr pge mca cmov pat pse36 clflush dts acpi mmx fxsr sse sse2 ss ht tm pbe syscall nx pdpe1gb rdtscp lm constant_tsc arch_perfmon pebs bts rep_good nopl xtopology nonstop_tsc aperfmperf pni pclmulqdq dtes64 monitor ds_cpl vmx est tm2 ssse3 sdbg fma cx16 xtpr pdcm pcid sse4_1 sse4_2 x2apic movbe popcnt tsc_deadline_timer aes xsave avx f16c rdrand lahf_lm abm 3dnowprefetch epb invpcid_single intel_pt ssbd ibrs ibpb stibp kaiser tpr_shadow vnmi flexpriority ept vpid fsgsbase tsc_adjust bmi1 avx2 smep bmi2 erms invpcid rdseed adx smap xsaveopt dtherm ida arat pln pts md_clear flush_l1d
bugs		: cpu_meltdown spectre_v1 spectre_v2 spec_store_bypass l1tf mds
bogomips	: 4389.73
clflush size	: 64
cache_alignment	: 64
address sizes	: 39 bits physical, 48 bits virtual
power management:

processor	: 2
vendor_id	: GenuineIntel
cpu family	: 6
model		: 61
model name	: Intel(R) Core(TM) i5-5200U CPU @ 2.20GHz
stepping	: 4
microcode	: 0x2d
cpu MHz		: 1926.890
cache size	: 3072 KB
physical id	: 0
siblings	: 4
core id		: 1
cpu cores	: 2
apicid		: 2
initial apicid	: 2
fpu		: yes
fpu_exception	: yes
cpuid level	: 20
wp		: yes
flags		: fpu vme de pse tsc msr pae mce cx8 apic sep mtrr pge mca cmov pat pse36 clflush dts acpi mmx fxsr sse sse2 ss ht tm pbe syscall nx pdpe1gb rdtscp lm constant_tsc arch_perfmon pebs bts rep_good nopl xtopology nonstop_tsc aperfmperf pni pclmulqdq dtes64 monitor ds_cpl vmx est tm2 ssse3 sdbg fma cx16 xtpr pdcm pcid sse4_1 sse4_2 x2apic movbe popcnt tsc_deadline_timer aes xsave avx f16c rdrand lahf_lm abm 3dnowprefetch epb invpcid_single intel_pt ssbd ibrs ibpb stibp kaiser tpr_shadow vnmi flexpriority ept vpid fsgsbase tsc_adjust bmi1 avx2 smep bmi2 erms invpcid rdseed adx smap xsaveopt dtherm ida arat pln pts md_clear flush_l1d
bugs		: cpu_meltdown spectre_v1 spectre_v2 spec_store_bypass l1tf mds
bogomips	: 4389.73
clflush size	: 64
cache_alignment	: 64
address sizes	: 39 bits physical, 48 bits virtual
power management:

processor	: 3
vendor_id	: GenuineIntel
cpu family	: 6
model		: 61
model name	: Intel(R) Core(TM) i5-5200U CPU @ 2.20GHz
stepping	: 4
microcode	: 0x2d
cpu MHz		: 2038.867
cache size	: 3072 KB
physical id	: 0
siblings	: 4
core id		: 1
cpu cores	: 2
apicid		: 3
initial apicid	: 3
fpu		: yes
fpu_exception	: yes
cpuid level	: 20
wp		: yes
flags		: fpu vme de pse tsc msr pae mce cx8 apic sep mtrr pge mca cmov pat pse36 clflush dts acpi mmx fxsr sse sse2 ss ht tm pbe syscall nx pdpe1gb rdtscp lm constant_tsc arch_perfmon pebs bts rep_good nopl xtopology nonstop_tsc aperfmperf pni pclmulqdq dtes64 monitor ds_cpl vmx est tm2 ssse3 sdbg fma cx16 xtpr pdcm pcid sse4_1 sse4_2 x2apic movbe popcnt tsc_deadline_timer aes xsave avx f16c rdrand lahf_lm abm 3dnowprefetch epb invpcid_single intel_pt ssbd ibrs ibpb stibp kaiser tpr_shadow vnmi flexpriority ept vpid fsgsbase tsc_adjust bmi1 avx2 smep bmi2 erms invpcid rdseed adx smap xsaveopt dtherm ida arat pln pts md_clear flush_l1d
bugs		: cpu_meltdown spectre_v1 spectre_v2 spec_store_bypass l1tf mds
bogomips	: 4389.73
clflush size	: 64
cache_alignment	: 64
address sizes	: 39 bits physical, 48 bits virtual
power management:



Memory: 4k page, physical 12187524k(691068k free), swap 8191996k(5786720k free)

vm_info: Java HotSpot(TM) 64-Bit Server VM (25.201-b09) for linux-amd64 JRE (1.8.0_201-b09), built on Dec 15 2018 11:35:59 by "java_re" with gcc 7.3.0

time: Wed Sep 18 03:18:04 2019
timezone: IST
elapsed time: 80 seconds (0d 0h 1m 20s)

